{
  "stats": {
    "suites": 2,
    "tests": 2,
    "passes": 2,
    "pending": 0,
    "failures": 0,
    "start": "2025-04-09T09:02:10.644Z",
    "end": "2025-04-09T09:02:25.754Z",
    "duration": 15110,
    "testsRegistered": 2,
    "passPercent": 100,
    "pendingPercent": 0,
    "other": 0,
    "hasOther": false,
    "skipped": 0,
    "hasSkipped": false
  },
  "results": [
    {
      "uuid": "a8c06104-1921-4952-8117-296fc3d9b54f",
      "title": "",
      "fullFile": "",
      "file": "",
      "beforeHooks": [],
      "afterHooks": [],
      "tests": [],
      "suites": [
        {
          "uuid": "c59c1fdb-8087-4569-aa78-e53bc21fc27a",
          "title": "Login and Add Item Test",
          "fullFile": "F:\\Software Development\\JavasScript\\Selenium IDE\\SeleniumTestsLocal\\tests\\addItemTest.js",
          "file": "\\tests\\addItemTest.js",
          "beforeHooks": [],
          "afterHooks": [],
          "tests": [
            {
              "title": "should login, add items to the list, and return the number of added items",
              "fullTitle": "Login and Add Item Test should login, add items to the list, and return the number of added items",
              "timedOut": null,
              "duration": 10126,
              "state": "passed",
              "speed": "slow",
              "pass": true,
              "fail": false,
              "pending": false,
              "context": null,
              "code": "const chai = await import('chai');\nconst should = chai.should();\nlet username = 'testuser';\nlet password = 'Testpassword123!';\nlet driver = await new Builder().forBrowser('chrome').build();\ntry {\n    // Step 1: Attempt login\n    await driver.get('https://norvember.github.io/SileniumWebpage/');\n    await driver.findElement(By.id('login-username')).sendKeys(username);\n    await driver.findElement(By.id('login-password')).sendKeys(password);\n    await driver.findElement(By.id('login-form')).submit();\n    let errorMessage = '';\n    try {\n        errorMessage = await driver.findElement(By.id('login-error')).getText();\n    } catch (e) {\n        // No error message found, assume login successful\n    }\n    if (errorMessage) {\n        console.log('Login failed:', errorMessage);\n        errorMessage.should.equal('Invalid username or password.', 'Expected error message for invalid credentials');\n        // Step 2: Sign up if login fails\n        await signUp(driver, username, password);\n        // Step 3: Retry login after signup\n        await driver.findElement(By.id('login-username')).sendKeys(username);\n        await driver.findElement(By.id('login-password')).sendKeys(password);\n        await driver.findElement(By.id('login-form')).submit();\n        errorMessage = '';\n        try {\n            errorMessage = await driver.findElement(By.id('login-error')).getText();\n        } catch (e) {\n            // No error message found, assume login successful\n        }\n        if (errorMessage) {\n            throw new Error('Unexpected login error after signup: ' + errorMessage);\n        }\n    }\n    let currentUrl = await driver.getCurrentUrl();\n    currentUrl.should.include('dashboard', 'User should be redirected to the dashboard after login');\n    console.log('Login successful!');\n    // Step 4: Add items to the list\n    await driver.get('https://norvember.github.io/SileniumWebpage/dashboard.html');\n    const itemsToAdd = ['Task 1', 'Task 2', 'Task 3'];\n    for (const item of itemsToAdd) {\n        await driver.findElement(By.id('item-name')).sendKeys(item, Key.RETURN);\n    }\n    // Step 5: Verify and return the number of added items\n    let itemList = await driver.findElements(By.css('#item-list li'));\n    itemList.length.should.equal(itemsToAdd.length, `The item list should contain ${itemsToAdd.length} items.`);\n    console.log(`Added ${itemList.length} items to the list.`);\n} finally {\n    await driver.quit();\n}",
              "err": {},
              "uuid": "663a3809-6e0c-416f-b497-3d7048b79692",
              "parentUUID": null,
              "isHook": false,
              "skipped": false
            }
          ],
          "suites": [],
          "passes": [
            "663a3809-6e0c-416f-b497-3d7048b79692"
          ],
          "failures": [],
          "pending": [],
          "skipped": [],
          "duration": 10126,
          "root": false,
          "rootEmpty": false,
          "_timeout": null
        },
        {
          "uuid": "90856bce-6cbd-4e51-b8ea-8c0347b9fa37",
          "title": "Reset Password Test",
          "fullFile": "F:\\Software Development\\JavasScript\\Selenium IDE\\SeleniumTestsLocal\\tests\\resetPasswordTest.js",
          "file": "\\tests\\resetPasswordTest.js",
          "beforeHooks": [],
          "afterHooks": [],
          "tests": [
            {
              "title": "should follow the reset password flow and login successfully",
              "fullTitle": "Reset Password Test should follow the reset password flow and login successfully",
              "timedOut": null,
              "duration": 14716,
              "state": "passed",
              "speed": "slow",
              "pass": true,
              "fail": false,
              "pending": false,
              "context": null,
              "code": "const chai = await import('chai');\nconst should = chai.should();\nlet username = 'testuser';\nlet password = 'Testpassword123!';\nlet wrongPassword = 'WrongPassword123!';\nlet driver = await new Builder().forBrowser('chrome').build();\ntry {\n    // Step 1: Attempt login with no username\n    await driver.get('https://norvember.github.io/SileniumWebpage/');\n    await driver.findElement(By.id('login-username')).sendKeys('');\n    await driver.findElement(By.id('login-password')).sendKeys(password);\n    await driver.findElement(By.id('login-form')).submit();\n    let errorMessage = '';\n    try {\n        errorMessage = await driver.findElement(By.id('login-error')).getText();\n    } catch (e) {\n        // No error message found\n    }\n    if (errorMessage) {\n        console.log('Login failed:', errorMessage);\n        errorMessage.should.equal('Invalid username or password.', 'Expected error message for missing username');\n    }\n    // Step 2: Sign up\n    await signUp(driver, username, password);\n    // Step 3: Attempt login with wrong password\n    await driver.findElement(By.id('login-username')).sendKeys(username);\n    await driver.findElement(By.id('login-password')).sendKeys(wrongPassword);\n    await driver.findElement(By.id('login-form')).submit();\n    errorMessage = '';\n    try {\n        errorMessage = await driver.findElement(By.id('login-error')).getText();\n    } catch (e) {\n        // No error message found\n    }\n    if (errorMessage) {\n        console.log('Login failed with wrong password:', errorMessage);\n        errorMessage.should.equal('Invalid username or password.', 'Expected error message for wrong password');\n    }\n    // Step 4: Reset password\n    await driver.findElement(By.linkText('Forgot Password?')).click();\n    await driver.sleep(2000);\n    await driver.findElement(By.id('recover-username')).sendKeys(username);\n    await driver.findElement(By.id('recover-password-form')).submit();\n    let successMessage = '';\n    try {\n        successMessage = await driver.findElement(By.id('recover-success')).getText();\n    } catch (e) {\n        // No success message found\n    }\n    successMessage.should.include(password, 'Expected success message with the reset password');\n    // Navigate back to the login page\n    await driver.findElement(By.linkText('Back to Login')).click();\n    await driver.sleep(2000);\n    // Step 5: Login successfully with the reset password\n    await driver.findElement(By.id('login-username')).sendKeys(username);\n    await driver.findElement(By.id('login-password')).sendKeys(password);\n    await driver.findElement(By.id('login-form')).submit();\n    let currentUrl = await driver.getCurrentUrl();\n    currentUrl.should.include('dashboard', 'User should be redirected to the dashboard after successful login');\n    console.log('Login successful after password reset!');\n} finally {\n    await driver.quit();\n}",
              "err": {},
              "uuid": "83c6937e-4482-4917-92f0-749a5e65d043",
              "parentUUID": null,
              "isHook": false,
              "skipped": false
            }
          ],
          "suites": [],
          "passes": [
            "83c6937e-4482-4917-92f0-749a5e65d043"
          ],
          "failures": [],
          "pending": [],
          "skipped": [],
          "duration": 14716,
          "root": false,
          "rootEmpty": false,
          "_timeout": null
        }
      ],
      "passes": [],
      "failures": [],
      "pending": [],
      "skipped": [],
      "duration": 0,
      "root": true,
      "rootEmpty": true,
      "_timeout": 0
    }
  ],
  "meta": {
    "mocha": {
      "version": "11.1.0"
    },
    "mochawesome": {
      "options": {
        "quiet": false,
        "reportFilename": "mochawesome",
        "saveHtml": true,
        "saveJson": true,
        "consoleReporter": "spec",
        "useInlineDiffs": false,
        "code": true
      },
      "version": "7.1.3"
    },
    "marge": {
      "options": {
        "reportDir": "testReports",
        "": true
      },
      "version": "6.2.0"
    }
  }
}